Case #1: [E, A]
Case #2: [R, I, R]
Case #3: [F, D, T]
Case #4: [Z, E, R, A]
Case #5: []
Case #6: [X, B, A, N]
Case #7: [H, I, J]
Case #8: [A]
Case #9: [U, F]
Case #10: [A, D, O, G, D]
Case #11: [J, B, P, D, J, L]
Case #12: [D]
Case #13: [D, R, P, P, S]
Case #14: [Z, Y, V, P, Y, X, I]
Case #15: [Y, P, F, L, X, Y, Z, M, P, O]
Case #16: [R]
Case #17: [I, F, F, W, E, G, O, M, N, N, I, H, O, F]
Case #18: [J, N, M]
Case #19: []
Case #20: [D, E, A, F, D, E, A, R, S]
Case #21: []
Case #22: [G, G, V, Q]
Case #23: []
Case #24: [I, Z, J, J, T, J, Q]
Case #25: [W, H, I, C, H, S, E, A, T, S, H, O, U, L, D, I, T, A, A, A, A, A, A, A, A, A, A, A, A, A, A, A, A, A, A, A, A, A, A, A, A, A, A, A, A, A, A, A, A, A, A, A, A, A, A, A, A, A, A, A, A, A, C, F, E]
Case #26: [R]
Case #27: []
Case #28: [W]
Case #29: []
Case #30: [I]
Case #31: [W]
Case #32: [E]
Case #33: [Z, Z, Z, Z, Z, Z, Z, Z, Z, Z, Z, Z, Z, Z, Z, Z, Z, Z, Z, Z, Z, Z, Z, Z, Z, Z, Z, Z, Z, Z, Z, Z, Z, Z, Z, Z, Z, Z, Z, Z, Z, Z, Z, Z, Z, Z, Z, Q]
Case #34: [I, G, K, J, J, G, N]
Case #35: []
Case #36: [J]
Case #37: [V, T, S]
Case #38: [C, D]
Case #39: [B, E, S, U, R, E, T, O, D, R, I, N, K, Y, O, U, R, O, V, A, L, T, I, N, E]
Case #40: [Q, N, H]
Case #41: [B, L, R]
Case #42: [C, Y, K, T, H, O, L, N, T]
Case #43: [S]
Case #44: [Q, Q, W, E, R, G, D, F, S]
Case #45: [D, D]
Case #46: [A, A, A, A, A, A, A, A, A, A]
Case #47: []
Case #48: [K]
Case #49: []
Case #50: [E, D]
Case #51: []
Case #52: [F]
Case #53: [S, L]
Case #54: []
Case #55: [N, A, N, A, N, A, N, A, N, A, N, A, N, A, N, A, N, A, N, A, N, A, N, A, N, A, N, A, N, A, N, A, N, A, N, A, N, A, N, A, B, A, T, M, A, N]
Case #56: []
Case #57: [C, Q]
Case #58: [B, M, C, X, L, Y, T, Y, Y]
Case #59: [U, A]
Case #60: [K, D]
Case #61: []
Case #62: [Y, Z, L, K, C, P, M, F, K, K, K, Y, S, H]
Case #63: [Y, M, T, Y, X]
Case #64: [Z, D, G, G, C, C, V, G, R, E, F, A, V, Z, R, D, V, W, M, P, T, S, E, A, C, I, F, I, T, F, L, W, L, O, Q, F, R, D, W, J, B, F, M, Z, P, B, R, J, A, Y]
Case #65: [T, J, A, N, R, O, Y, P, O]
Case #66: []
Case #67: [D]
Case #68: [H, H, B]
Case #69: []
Case #70: [T, X]
Case #71: [A, W, A, R, E, N, E, S, S]
Case #72: [P, W]
Case #73: [R]
Case #74: [U, I, M, K, A, O, B, M, A, C, G, Y, K, T, V, M, G, F, Z, D, B, Y, Z, D, I, G, W, C, Z, B, E]
Case #75: [F, R, I, D, A, Y, F, R, I, D, A, Y, G, O, T, T, A, G, E, T, D, O, W, N, O, N, F, R, I, D, A, Y]
Case #76: [G, N, N, O, I, M, A, R, C, V, U, Q, S, S, Q, M, T, R, R]
Case #77: [E, X, B]
Case #78: [W, F, C]
Case #79: [F]
Case #80: [R]
Case #81: [T, H, E, C, A, K, E, I, S, A, L, I, E]
Case #82: [T, Q, U, F]
Case #83: [Y, U, J, N, V, V, J, P, O, I, P, U, I, P, P, V, V, I, Y, O, I, V, P, C, P, P, I, O, T, V, V, U, I, P, Z, P, I, U, J, L, C, V, Z, U, Y, T, R]
Case #84: [E, X, K, Z, Z, T, G, C]
Case #85: [Z, Z, Z, Z, Z]
Case #86: [H, T, Y, C]
Case #87: [E, D]
Case #88: [C, A]
Case #89: [L, I, H, M, Q]
Case #90: [K, U, A, K, C]
Case #91: []
Case #92: [I, J, W]
Case #93: [H, V, Y, S]
Case #94: []
Case #95: [M, Q]
Case #96: [F]
Case #97: [G, G, M, M, N, O, N, I, L, V, G, D]
Case #98: [Z, Z, K, B]
Case #99: [Q]
Case #100: [N, H, J, X, K, G, H, P, I, H, V, J, T, Y, T, V, H, U, Y, Y, T, M, H, I, T, T, T, Y, Y, Z, J, H, H, J, Z, I, X, I, H, K, H, M, P, Z, Y, Z, T, Z, S]
